<?xml version="1.0" encoding="UTF-8"?>
<!-- Generated by org.testng.reporters.JUnitReportReporter -->
<testsuite hostname="DESKTOP-DT8R8RR" failures="0" tests="1" name="DDTExcel.VtigerLoginExcel" time="11.346" errors="0" timestamp="2024-01-16T08:11:12 IST" skipped="0">
  <testcase classname="DDTExcel.VtigerLoginExcel" name="testVtigerLogin" time="11.346"/>
  <system-out/>
</testsuite> <!-- DDTExcel.VtigerLoginExcel -->
