<?xml version="1.0" encoding="UTF-8"?>
<!-- Generated by org.testng.reporters.JUnitReportReporter -->
<testsuite hostname="DESKTOP-DT8R8RR" failures="0" tests="1" name="DDTExcel.orangeHRMLogin" time="9.803" errors="0" timestamp="2024-01-16T07:53:24 IST" skipped="0">
  <testcase classname="DDTExcel.orangeHRMLogin" name="testOrangeHRMLogin" time="9.803"/>
  <system-out/>
</testsuite> <!-- DDTExcel.orangeHRMLogin -->
