<?xml version="1.0" encoding="UTF-8"?>
<!-- Generated by org.testng.reporters.JUnitReportReporter -->
<testsuite hostname="DESKTOP-DT8R8RR" failures="0" tests="1" name="Assignment.eRail" time="17.989" errors="0" timestamp="2024-01-13T01:27:22 IST" skipped="0">
  <testcase classname="Assignment.eRail" name="catering" time="17.989"/>
  <system-out/>
</testsuite> <!-- Assignment.eRail -->
