<?xml version="1.0" encoding="UTF-8"?>
<!-- Generated by org.testng.reporters.JUnitReportReporter -->
<testsuite hostname="DESKTOP-DT8R8RR" failures="0" tests="1" name="DDTExcel.excelUpdate" time="0.674" errors="0" timestamp="2024-01-14T13:40:00 IST" skipped="0">
  <testcase classname="DDTExcel.excelUpdate" name="updateCellDetails" time="0.674"/>
  <system-out/>
</testsuite> <!-- DDTExcel.excelUpdate -->
