<?xml version="1.0" encoding="UTF-8"?>
<!-- Generated by org.testng.reporters.JUnitReportReporter -->
<testsuite hostname="DESKTOP-DT8R8RR" failures="0" tests="1" name="testScripts.SwagLabLoginValidation" time="3.502" errors="0" timestamp="2024-01-25T09:12:42 IST" skipped="0">
  <testcase classname="testScripts.SwagLabLoginValidation" name="testLoginLogout" time="3.502"/>
  <system-out/>
</testsuite> <!-- testScripts.SwagLabLoginValidation -->
