<?xml version="1.0" encoding="UTF-8"?>
<!-- Generated by org.testng.reporters.JUnitReportReporter -->
<testsuite hostname="DESKTOP-DT8R8RR" failures="0" tests="2" name="testScripts.swagLabLoginValidationNShop" time="3.518" errors="0" timestamp="2024-01-22T23:56:22 IST" skipped="0">
  <testcase classname="testScripts.swagLabLoginValidationNShop" name="testLoginLogout" time="1.255"/>
  <system-out/>
  <testcase classname="testScripts.swagLabLoginValidationNShop" name="testShoppingOnSwagLab" time="2.263"/>
  <system-out/>
</testsuite> <!-- testScripts.swagLabLoginValidationNShop -->
