<?xml version="1.0" encoding="UTF-8"?>
<!-- Generated by org.testng.reporters.JUnitReportReporter -->
<testsuite hostname="DESKTOP-DT8R8RR" failures="0" tests="2" name="testScripts.TestOrangeHRMLoginLogout" time="19.251" errors="0" timestamp="2024-01-27T23:08:42 IST" skipped="0">
  <testcase classname="testScripts.TestOrangeHRMLoginLogout" name="testWithValiddata" time="6.472"/>
  <system-out/>
  <testcase classname="testScripts.TestOrangeHRMLoginLogout" name="testWithInvalidData" time="12.779"/>
  <system-out/>
</testsuite> <!-- testScripts.TestOrangeHRMLoginLogout -->
