<?xml version="1.0" encoding="UTF-8"?>
<!-- Generated by org.testng.reporters.JUnitReportReporter -->
<testsuite hostname="DESKTOP-DT8R8RR" failures="0" tests="2" name="testScripts.TestOrangeHRMLoginLogout" time="3.807" errors="0" timestamp="2024-01-27T23:52:46 IST" skipped="0">
  <testcase classname="testScripts.TestOrangeHRMLoginLogout" name="testWithInvalidData" time="2.119"/>
  <system-out/>
  <testcase classname="testScripts.TestOrangeHRMLoginLogout" name="testWithValiddata" time="1.688"/>
  <system-out/>
</testsuite> <!-- testScripts.TestOrangeHRMLoginLogout -->
